have_library: checking for main() in -lstdc++... -------------------- yes

"clang -o conftest -I/usr/local/var/rbenv/versions/2.1.5/include/ruby-2.1.0/x86_64-darwin15.0 -I/usr/local/var/rbenv/versions/2.1.5/include/ruby-2.1.0/ruby/backward -I/usr/local/var/rbenv/versions/2.1.5/include/ruby-2.1.0 -I. -I/usr/local/var/rbenv/versions/2.1.5/include  -D_XOPEN_SOURCE -D_DARWIN_C_SOURCE -D_DARWIN_UNLIMITED_SELECT -D_REENTRANT    -O3 -Wno-error=shorten-64-to-32  -pipe conftest.c  -L. -L/usr/local/var/rbenv/versions/2.1.5/lib -L. -L/usr/local/var/rbenv/versions/2.1.5/lib  -fstack-protector     -lruby-static -framework CoreFoundation  -lpthread -ldl -lobjc "
checked program was:
/* begin */
1: #include "ruby.h"
2: 
3: int main(int argc, char **argv)
4: {
5:   return 0;
6: }
/* end */

"clang -o conftest -I/usr/local/var/rbenv/versions/2.1.5/include/ruby-2.1.0/x86_64-darwin15.0 -I/usr/local/var/rbenv/versions/2.1.5/include/ruby-2.1.0/ruby/backward -I/usr/local/var/rbenv/versions/2.1.5/include/ruby-2.1.0 -I. -I/usr/local/var/rbenv/versions/2.1.5/include  -D_XOPEN_SOURCE -D_DARWIN_C_SOURCE -D_DARWIN_UNLIMITED_SELECT -D_REENTRANT    -O3 -Wno-error=shorten-64-to-32  -pipe conftest.c  -L. -L/usr/local/var/rbenv/versions/2.1.5/lib -L. -L/usr/local/var/rbenv/versions/2.1.5/lib  -fstack-protector     -lruby-static -framework CoreFoundation -lstdc++  -lpthread -ldl -lobjc "
checked program was:
/* begin */
 1: #include "ruby.h"
 2: 
 3: /*top*/
 4: extern int t(void);
 5: int main(int argc, char **argv)
 6: {
 7:   if (argc > 1000000) {
 8:     printf("%p", &t);
 9:   }
10: 
11:   return 0;
12: }
13: int t(void) { void ((*volatile p)()); p = (void ((*)()))main; return 0; }
/* end */

--------------------

